TN:
SF:src\repositories\UserRepositoryInMemory.js
FN:1,<instance_members_initializer>
FN:4,create
FN:17,findByEmail
FNF:3
FNH:3
FNDA:2,<instance_members_initializer>
FNDA:2,create
FNDA:3,findByEmail
DA:1,2
DA:2,2
DA:3,2
DA:4,2
DA:5,2
DA:6,2
DA:7,2
DA:8,2
DA:9,2
DA:10,2
DA:11,2
DA:12,2
DA:13,2
DA:14,2
DA:15,2
DA:16,2
DA:17,2
DA:18,3
DA:19,3
DA:20,2
DA:21,2
DA:22,1
DA:23,1
LF:23
LH:23
BRDA:1,0,0,2
BRDA:4,1,0,2
BRDA:17,2,0,3
BRDA:18,3,0,1
BRF:4
BRH:4
end_of_record
TN:
SF:src\services\UserCreateService.js
FN:6,UserCreateService
FN:10,execute
FNF:2
FNH:2
FNDA:2,UserCreateService
FNDA:3,execute
DA:1,1
DA:2,1
DA:3,1
DA:4,1
DA:5,1
DA:6,1
DA:7,2
DA:8,2
DA:9,1
DA:10,1
DA:11,3
DA:12,3
DA:13,3
DA:14,3
DA:15,1
DA:16,1
DA:17,2
DA:18,2
DA:19,2
DA:20,2
DA:21,2
DA:22,2
DA:23,1
DA:24,1
DA:25,1
DA:26,1
LF:26
LH:26
BRDA:6,0,0,2
BRDA:10,1,0,3
BRDA:14,2,0,1
BRDA:16,3,0,2
BRF:4
BRH:4
end_of_record
TN:
SF:src\utils\AppError.js
FN:1,<instance_members_initializer>
FN:5,AppError
FNF:2
FNH:2
FNDA:2,<instance_members_initializer>
FNDA:2,AppError
DA:1,2
DA:2,2
DA:3,2
DA:4,2
DA:5,2
DA:6,2
DA:7,2
DA:8,2
DA:9,2
DA:10,1
DA:11,1
LF:11
LH:11
BRDA:1,0,0,2
BRDA:5,1,0,2
BRF:2
BRH:2
end_of_record
